[    0.000000] Initializing cgroup subsys cpuset
[    0.000000] Initializing cgroup subsys cpu
[    0.000000] Initializing cgroup subsys cpuacct
[    0.000000] Linux version 4.4.0-148-generic (buildd@lcy01-amd64-025) (gcc version 5.4.0 20160609 (Ubuntu 5.4.0-6ubuntu1~16.04.10) ) #174-Ubuntu SMP Tue May 7 12:19:28 UTC 2019 (Ubuntu 4.4.0-148.174-generic 4.4.177)
[    0.000000] KERNEL supported cpus:
[    0.000000]   Intel GenuineIntel
[    0.000000]   AMD AuthenticAMD
[    0.000000]   NSC Geode by NSC
[    0.000000]   Cyrix CyrixInstead
[    0.000000]   Centaur CentaurHauls
[    0.000000]   Transmeta GenuineTMx86
[    0.000000]   Transmeta TransmetaCPU
[    0.000000]   UMC UMC UMC UMC
[    0.000000] x86/fpu: xstate_offset[2]:  576, xstate_sizes[2]:  256
[    0.000000] x86/fpu: Supporting XSAVE feature 0x01: 'x87 floating point registers'
[    0.000000] x86/fpu: Supporting XSAVE feature 0x02: 'SSE registers'
[    0.000000] x86/fpu: Supporting XSAVE feature 0x04: 'AVX registers'
[    0.000000] x86/fpu: Enabled xstate features 0x7, context size is 832 bytes, using 'standard' format.
[    0.000000] e820: BIOS-provided physical RAM map:
[    0.000000] BIOS-e820: [mem 0x0000000000000000-0x000000000009fbff] usable
[    0.000000] BIOS-e820: [mem 0x000000000009fc00-0x000000000009ffff] reserved
[    0.000000] BIOS-e820: [mem 0x00000000000f0000-0x00000000000fffff] reserved
[    0.000000] BIOS-e820: [mem 0x0000000000100000-0x00000000dffeffff] usable
[    0.000000] BIOS-e820: [mem 0x00000000dfff0000-0x00000000dfffffff] ACPI data
[    0.000000] BIOS-e820: [mem 0x00000000fec00000-0x00000000fec00fff] reserved
[    0.000000] BIOS-e820: [mem 0x00000000fee00000-0x00000000fee00fff] reserved
[    0.000000] BIOS-e820: [mem 0x00000000fffc0000-0x00000000ffffffff] reserved
[    0.000000] BIOS-e820: [mem 0x0000000100000000-0x00000001a9cfffff] usable
[    0.000000] NX (Execute Disable) protection: active
[    0.000000] SMBIOS 2.5 present.
[    0.000000] Hypervisor detected: KVM
[    0.000000] e820: last_pfn = 0x1a9d00 max_arch_pfn = 0x1000000
[    0.000000] MTRR: Disabled
[    0.000000] x86/PAT: MTRRs disabled, skipping PAT initialization too.
[    0.000000] CPU MTRRs all blank - virtualized system.
[    0.000000] x86/PAT: Configuration [0-7]: WB  WT  UC- UC  WB  WT  UC- UC  
[    0.000000] found SMP MP-table at [mem 0x0009fff0-0x0009ffff] mapped at [c009fff0]
[    0.000000] Scanning 1 areas for low memory corruption
[    0.000000] RAMDISK: [mem 0x363c2000-0x371d8fff]
[    0.000000] ACPI: Early table checksum verification disabled
[    0.000000] ACPI: RSDP 0x00000000000E0000 000024 (v02 VBOX  )
[    0.000000] ACPI: XSDT 0x00000000DFFF0030 00003C (v01 VBOX   VBOXXSDT 00000001 ASL  00000061)
[    0.000000] ACPI: FACP 0x00000000DFFF00F0 0000F4 (v04 VBOX   VBOXFACP 00000001 ASL  00000061)
[    0.000000] ACPI: DSDT 0x00000000DFFF0470 0022EA (v02 VBOX   VBOXBIOS 00000002 INTL 20100528)
[    0.000000] ACPI: FACS 0x00000000DFFF0200 000040
[    0.000000] ACPI: FACS 0x00000000DFFF0200 000040
[    0.000000] ACPI: APIC 0x00000000DFFF0240 000054 (v02 VBOX   VBOXAPIC 00000001 ASL  00000061)
[    0.000000] ACPI: SSDT 0x00000000DFFF02A0 0001CC (v01 VBOX   VBOXCPUT 00000002 INTL 20100528)
[    0.000000] 5921MB HIGHMEM available.
[    0.000000] 891MB LOWMEM available.
[    0.000000]   mapped low ram: 0 - 37bfe000
[    0.000000]   low ram: 0 - 37bfe000
[    0.000000] kvm-clock: Using msrs 4b564d01 and 4b564d00
[    0.000000] kvm-clock: cpu 0, msr 0:37bfd001, primary cpu clock
[    0.000000] kvm-clock: using sched offset of 3075207950 cycles
[    0.000000] clocksource: kvm-clock: mask: 0xffffffffffffffff max_cycles: 0x1cd42e4dffb, max_idle_ns: 881590591483 ns
[    0.000000] Zone ranges:
[    0.000000]   DMA      [mem 0x0000000000001000-0x0000000000ffffff]
[    0.000000]   Normal   [mem 0x0000000001000000-0x0000000037bfdfff]
[    0.000000]   HighMem  [mem 0x0000000037bfe000-0x00000001a9cfffff]
[    0.000000] Movable zone start for each node
[    0.000000] Early memory node ranges
[    0.000000]   node   0: [mem 0x0000000000001000-0x000000000009efff]
[    0.000000]   node   0: [mem 0x0000000000100000-0x00000000dffeffff]
[    0.000000]   node   0: [mem 0x0000000100000000-0x00000001a9cfffff]
[    0.000000] Initmem setup node 0 [mem 0x0000000000001000-0x00000001a9cfffff]
[    0.000000] Using APIC driver default
[    0.000000] ACPI: PM-Timer IO Port: 0x4008
[    0.000000] IOAPIC[0]: apic_id 1, version 32, address 0xfec00000, GSI 0-23
[    0.000000] ACPI: INT_SRC_OVR (bus 0 bus_irq 0 global_irq 2 dfl dfl)
[    0.000000] ACPI: INT_SRC_OVR (bus 0 bus_irq 9 global_irq 9 low level)
[    0.000000] Using ACPI (MADT) for SMP configuration information
[    0.000000] smpboot: Allowing 1 CPUs, 0 hotplug CPUs
[    0.000000] PM: Registered nosave memory: [mem 0x00000000-0x00000fff]
[    0.000000] PM: Registered nosave memory: [mem 0x0009f000-0x0009ffff]
[    0.000000] PM: Registered nosave memory: [mem 0x000a0000-0x000effff]
[    0.000000] PM: Registered nosave memory: [mem 0x000f0000-0x000fffff]
[    0.000000] e820: [mem 0xe0000000-0xfebfffff] available for PCI devices
[    0.000000] Booting paravirtualized kernel on KVM
[    0.000000] clocksource: refined-jiffies: mask: 0xffffffff max_cycles: 0xffffffff, max_idle_ns: 7645519600211568 ns
[    0.000000] setup_percpu: NR_CPUS:8 nr_cpumask_bits:8 nr_cpu_ids:1 nr_node_ids:1
[    0.000000] PERCPU: Embedded 19 pages/cpu @f2ca3000 s47308 r0 d30516 u77824
[    0.000000] Built 1 zonelists in Zone order, mobility grouping on.  Total pages: 1610712
[    0.000000] Kernel command line: BOOT_IMAGE=/boot/vmlinuz-4.4.0-148-generic root=LABEL=cloudimg-rootfs ro console=tty1 console=ttyS0
[    0.000000] PID hash table entries: 4096 (order: 2, 16384 bytes)
[    0.000000] Dentry cache hash table entries: 131072 (order: 7, 524288 bytes)
[    0.000000] Inode-cache hash table entries: 65536 (order: 6, 262144 bytes)
[    0.000000] Initializing CPU#0
[    0.000000] Initializing HighMem for node 0 (00037bfe:001a9d00)
[    0.000000] Initializing Movable for node 0 (00000000:00000000)
[    0.000000] Memory: 6355728K/6451768K available (8100K kernel code, 789K rwdata, 3204K rodata, 936K init, 784K bss, 96040K reserved, 0K cma-reserved, 5538760K highmem)
[    0.000000] virtual kernel memory layout:
[    0.000000]     fixmap  : 0xfff15000 - 0xfffff000   ( 936 kB)
[    0.000000]     pkmap   : 0xffc00000 - 0xffe00000   (2048 kB)
[    0.000000]     vmalloc : 0xf83fe000 - 0xffbfe000   ( 120 MB)
[    0.000000]     lowmem  : 0xc0000000 - 0xf7bfe000   ( 891 MB)
[    0.000000]       .init : 0xc1bd3000 - 0xc1cbd000   ( 936 kB)
[    0.000000]       .data : 0xc17e9608 - 0xc1bd1400   (3999 kB)
[    0.000000]       .text : 0xc1000000 - 0xc17e9608   (8101 kB)
[    0.000000] Checking if this processor honours the WP bit even in supervisor mode...Ok.
[    0.000000] SLUB: HWalign=64, Order=0-3, MinObjects=0, CPUs=1, Nodes=1
[    0.000000] Hierarchical RCU implementation.
[    0.000000] 	Build-time adjustment of leaf fanout to 32.
[    0.000000] 	RCU restricting CPUs from NR_CPUS=8 to nr_cpu_ids=1.
[    0.000000] RCU: Adjusting geometry for rcu_fanout_leaf=32, nr_cpu_ids=1
[    0.000000] NR_IRQS:2304 nr_irqs:256 16
[    0.000000] Console: colour VGA+ 80x25
[    0.000000] console [tty1] enabled
[    0.000000] console [ttyS0] enabled
[    0.000000] allocated 6815744 bytes of page_ext
[    0.000000] tsc: Detected 3407.996 MHz processor
[    0.313089] Calibrating delay loop (skipped) preset value.. 6815.99 BogoMIPS (lpj=13631984)
[    0.314360] pid_max: default: 32768 minimum: 301
[    0.315060] ACPI: Core revision 20150930
[    0.317068] ACPI: 2 ACPI AML tables successfully acquired and loaded
[    0.318135] Security Framework initialized
[    0.318744] Yama: becoming mindful.
[    0.319304] AppArmor: AppArmor initialized
[    0.319938] Mount-cache hash table entries: 2048 (order: 1, 8192 bytes)
[    0.320828] Mountpoint-cache hash table entries: 2048 (order: 1, 8192 bytes)
[    0.321881] Initializing cgroup subsys io
[    0.322491] Initializing cgroup subsys memory
[    0.323132] Initializing cgroup subsys devices
[    0.323804] Initializing cgroup subsys freezer
[    0.324478] Initializing cgroup subsys net_cls
[    0.325171] Initializing cgroup subsys perf_event
[    0.325843] Initializing cgroup subsys net_prio
[    0.326499] Initializing cgroup subsys hugetlb
[    0.327172] Initializing cgroup subsys pids
[    0.329713] mce: CPU supports 0 MCE banks
[    0.330385] process: using mwait in idle threads
[    0.331055] Last level iTLB entries: 4KB 128, 2MB 8, 4MB 8
[    0.331801] Last level dTLB entries: 4KB 64, 2MB 0, 4MB 0, 1GB 4
[    0.332602] Spectre V2 : Mitigation: Full generic retpoline
[    0.333435] Spectre V2 : Spectre v2 / SpectreRSB mitigation: Filling RSB on context switch
[    0.334698] Speculative Store Bypass: Vulnerable
[    0.335439] MDS: Vulnerable: Clear CPU buffers attempted, no microcode
[    0.361590] Freeing SMP alternatives memory: 36K
[    0.366945] ftrace: allocating 31566 entries in 62 pages
[    0.420342] smpboot: APIC(0) Converting physical 0 to logical package 0
[    0.421323] smpboot: Max logical packages: 1
[    0.421953] Enabling APIC mode:  Flat.  Using 1 I/O APICs
[    0.423701] ..TIMER: vector=0x30 apic1=0 pin1=2 apic2=-1 pin2=-1
[    0.529234] smpboot: CPU0: Intel(R) Core(TM) i5-7500 CPU @ 3.40GHz (family: 0x6, model: 0x9e, stepping: 0x9)
[    0.530841] Performance Events: unsupported p6 CPU model 158 no PMU driver, software events only.
[    0.540374] KVM setup paravirtual spinlock
[    0.541611] x86: Booted up 1 node, 1 CPUs
[    0.542218] smpboot: Total of 1 processors activated (6815.99 BogoMIPS)
[    0.543277] devtmpfs: initialized
[    0.544081] evm: security.selinux
[    0.544613] evm: security.SMACK64
[    0.545258] evm: security.SMACK64EXEC
[    0.545845] evm: security.SMACK64TRANSMUTE
[    0.546501] evm: security.SMACK64MMAP
[    0.547075] evm: security.ima
[    0.547569] evm: security.capability
[    0.548237] clocksource: jiffies: mask: 0xffffffff max_cycles: 0xffffffff, max_idle_ns: 7645041785100000 ns
[    0.549615] futex hash table entries: 256 (order: 2, 16384 bytes)
[    0.550539] pinctrl core: initialized pinctrl subsystem
[    0.551372] RTC time: 13:25:58, date: 05/16/19
[    0.552643] NET: Registered protocol family 16
[    0.553475] EISA bus registered
[    0.554018] cpuidle: using governor ladder
[    0.554721] cpuidle: using governor menu
[    0.555434] PCCT header not found.
[    0.556130] ACPI: bus type PCI registered
[    0.556794] acpiphp: ACPI Hot Plug PCI Controller Driver version: 0.5
[    0.557825] PCI : PCI BIOS area is rw and x. Use pci=nobios if you want it NX.
[    0.558996] PCI: PCI BIOS revision 2.10 entry at 0xfda26, last bus=0
[    0.559867] PCI: Using configuration type 1 for base access
[    0.561688] ACPI: Added _OSI(Module Device)
[    0.562344] ACPI: Added _OSI(Processor Device)
[    0.563046] ACPI: Added _OSI(3.0 _SCP Extensions)
[    0.563752] ACPI: Added _OSI(Processor Aggregator Device)
[    0.565004] ACPI: Executed 1 blocks of module-level executable AML code
[    0.568139] ACPI: Interpreter enabled
[    0.568757] ACPI: (supports S0 S5)
[    0.569328] ACPI: Using IOAPIC for interrupt routing
[    0.570181] PCI: Using host bridge windows from ACPI; if necessary, use "pci=nocrs" and report a bug
[    0.582060] ACPI: PCI Root Bridge [PCI0] (domain 0000 [bus 00-ff])
[    0.582919] acpi PNP0A03:00: _OSC: OS supports [ASPM ClockPM Segments MSI]
[    0.584127] acpi PNP0A03:00: _OSC: not requesting OS control; OS requires [ExtendedConfig ASPM ClockPM MSI]
[    0.585595] acpi PNP0A03:00: fail to add MMCONFIG information, can't access extended PCI configuration space under this bridge.
[    0.587324] PCI host bridge to bus 0000:00
[    0.587965] pci_bus 0000:00: root bus resource [io  0x0000-0x0cf7 window]
[    0.588889] pci_bus 0000:00: root bus resource [io  0x0d00-0xffff window]
[    0.589774] pci_bus 0000:00: root bus resource [mem 0x000a0000-0x000bffff window]
[    0.590925] pci_bus 0000:00: root bus resource [mem 0xe0000000-0xfdffffff window]
[    0.592069] pci_bus 0000:00: root bus resource [bus 00-ff]
[    0.594091] pci 0000:00:01.1: legacy IDE quirk: reg 0x10: [io  0x01f0-0x01f7]
[    0.595036] pci 0000:00:01.1: legacy IDE quirk: reg 0x14: [io  0x03f6]
[    0.595918] pci 0000:00:01.1: legacy IDE quirk: reg 0x18: [io  0x0170-0x0177]
[    0.596840] pci 0000:00:01.1: legacy IDE quirk: reg 0x1c: [io  0x0376]
[    0.644924] pci 0000:00:07.0: quirk: [io  0x4000-0x403f] claimed by PIIX4 ACPI
[    0.646079] pci 0000:00:07.0: quirk: [io  0x4100-0x410f] claimed by PIIX4 SMB
[    0.676611] ACPI: PCI Interrupt Link [LNKA] (IRQs 5 9 10 *11)
[    0.677914] ACPI: PCI Interrupt Link [LNKB] (IRQs 5 9 *10 11)
[    0.679180] ACPI: PCI Interrupt Link [LNKC] (IRQs 5 *9 10 11)
[    0.680364] ACPI: PCI Interrupt Link [LNKD] (IRQs 5 9 10 *11)
[    0.681529] ACPI: Enabled 2 GPEs in block 00 to 07
[    0.682494] vgaarb: setting as boot device: PCI:0000:00:02.0
[    0.683275] vgaarb: device added: PCI:0000:00:02.0,decodes=io+mem,owns=io+mem,locks=none
[    0.684489] vgaarb: loaded
[    0.685025] vgaarb: bridge control possible 0000:00:02.0
[    0.685975] SCSI subsystem initialized
[    0.686618] ACPI: bus type USB registered
[    0.687267] usbcore: registered new interface driver usbfs
[    0.688134] usbcore: registered new interface driver hub
[    0.688906] usbcore: registered new device driver usb
[    0.689753] PCI: Using ACPI for IRQ routing
[    0.690621] NetLabel: Initializing
[    0.691201] NetLabel:  domain hash size = 128
[    0.691876] NetLabel:  protocols = UNLABELED CIPSOv4
[    0.692616] NetLabel:  unlabeled traffic allowed by default
[    0.693495] amd_nb: Cannot enumerate AMD northbridges
[    0.694254] clocksource: Switched to clocksource kvm-clock
[    0.700662] AppArmor: AppArmor Filesystem Enabled
[    0.701398] pnp: PnP ACPI init
[    0.702503] pnp: PnP ACPI: found 3 devices
[    0.703127] PnPBIOS: Disabled by ACPI PNP
[    0.739291] clocksource: acpi_pm: mask: 0xffffff max_cycles: 0xffffff, max_idle_ns: 2085701024 ns
[    0.740661] NET: Registered protocol family 2
[    0.741460] TCP established hash table entries: 8192 (order: 3, 32768 bytes)
[    0.742411] TCP bind hash table entries: 8192 (order: 4, 65536 bytes)
[    0.743282] TCP: Hash tables configured (established 8192 bind 8192)
[    0.744165] UDP hash table entries: 512 (order: 2, 16384 bytes)
[    0.744983] UDP-Lite hash table entries: 512 (order: 2, 16384 bytes)
[    0.745940] NET: Registered protocol family 1
[    0.746655] pci 0000:00:00.0: Limiting direct PCI/PCI transfers
[    0.747501] pci 0000:00:01.0: Activating ISA DMA hang workarounds
[    0.748500] Unpacking initramfs...
[    0.935612] Freeing initrd memory: 14428K
[    0.936489] clocksource: tsc: mask: 0xffffffffffffffff max_cycles: 0x311fd044566, max_idle_ns: 440795343519 ns
[    0.937949] platform rtc_cmos: registered platform RTC device (no PNP device found)
[    0.939188] Scanning for low memory corruption every 60 seconds
[    0.940213] audit: initializing netlink subsys (disabled)
[    0.940976] audit: type=2000 audit(1558013163.441:1): initialized
[    0.941994] Initialise system trusted keyring
[    0.942706] HugeTLB registered 2 MB page size, pre-allocated 0 pages
[    0.944588] zbud: loaded
[    0.945156] VFS: Disk quotas dquot_6.6.0
[    0.945814] VFS: Dquot-cache hash table entries: 1024 (order 0, 4096 bytes)
[    0.946918] squashfs: version 4.0 (2009/01/31) Phillip Lougher
[    0.947906] fuse init (API version 7.23)
[    0.948643] Key type big_key registered
[    0.949282] Allocating IMA MOK and blacklist keyrings.
[    0.950209] Key type asymmetric registered
[    0.950884] Asymmetric key parser 'x509' registered
[    0.951594] bounce: pool size: 64 pages
[    0.952211] Block layer SCSI generic (bsg) driver version 0.4 loaded (major 249)
[    0.953437] io scheduler noop registered
[    0.954040] io scheduler deadline registered (default)
[    0.954793] io scheduler cfq registered
[    0.955458] pci_hotplug: PCI Hot Plug PCI Core version: 0.5
[    0.956232] pciehp: PCI Express Hot Plug Controller Driver version: 0.4
[    0.957192] ACPI: AC Adapter [AC] (on-line)
[    0.957860] input: Power Button as /devices/LNXSYSTM:00/LNXPWRBN:00/input/input0
[    0.959043] ACPI: Power Button [PWRF]
[    0.959663] input: Sleep Button as /devices/LNXSYSTM:00/LNXSLPBN:00/input/input1
[    0.960811] ACPI: Sleep Button [SLPF]
[    0.961470] GHES: HEST is not enabled!
[    0.962154] isapnp: Scanning for PnP cards...
[    0.968417] Serial: 8250/16550 driver, 32 ports, IRQ sharing enabled
[    0.989750] 00:02: ttyS0 at I/O 0x3f8 (irq = 4, base_baud = 115200) is a 16550A
[    1.043722] Linux agpgart interface v0.103
[    1.089253] loop: module loaded
[    1.090222] scsi host0: ata_piix
[    1.090818] scsi host1: ata_piix
[    1.091396] ata1: PATA max UDMA/33 cmd 0x1f0 ctl 0x3f6 bmdma 0xd000 irq 14
[    1.092279] ata2: PATA max UDMA/33 cmd 0x170 ctl 0x376 bmdma 0xd008 irq 15
[    1.093451] libphy: Fixed MDIO Bus: probed
[    1.094081] tun: Universal TUN/TAP device driver, 1.6
[    1.094802] tun: (C) 1999-2004 Max Krasnyansky <maxk@qualcomm.com>
[    1.095690] PPP generic driver version 2.4.2
[    1.096540] ehci_hcd: USB 2.0 'Enhanced' Host Controller (EHCI) Driver
[    1.097409] ehci-pci: EHCI PCI platform driver
[    1.098069] ehci-platform: EHCI generic platform driver
[    1.098868] ohci_hcd: USB 1.1 'Open' Host Controller (OHCI) Driver
[    1.099774] ohci-pci: OHCI PCI platform driver
[    1.100508] ohci-platform: OHCI generic platform driver
[    1.101265] uhci_hcd: USB Universal Host Controller Interface driver
[    1.102173] i8042: PNP: PS/2 Controller [PNP0303:PS2K,PNP0f03:PS2M] at 0x60,0x64 irq 1,12
[    1.103968] serio: i8042 KBD port at 0x60,0x64 irq 1
[    1.104763] serio: i8042 AUX port at 0x60,0x64 irq 12
[    1.105588] mousedev: PS/2 mouse device common for all mice
[    1.106583] input: AT Translated Set 2 keyboard as /devices/platform/i8042/serio0/input/input2
[    1.108172] rtc_cmos rtc_cmos: rtc core: registered rtc_cmos as rtc0
[    1.109087] rtc_cmos rtc_cmos: alarms up to one day, 114 bytes nvram
[    1.109931] i2c /dev entries driver
[    1.110548] device-mapper: uevent: version 1.0.3
[    1.111310] device-mapper: ioctl: 4.34.0-ioctl (2015-10-28) initialised: dm-devel@redhat.com
[    1.112632] platform eisa.0: Probing EISA bus 0
[    1.113326] platform eisa.0: EISA: Cannot allocate resource for mainboard
[    1.114227] platform eisa.0: Cannot allocate resource for EISA slot 1
[    1.115159] platform eisa.0: Cannot allocate resource for EISA slot 2
[    1.116013] platform eisa.0: Cannot allocate resource for EISA slot 3
[    1.116858] platform eisa.0: Cannot allocate resource for EISA slot 4
[    1.117710] platform eisa.0: Cannot allocate resource for EISA slot 5
[    1.118592] platform eisa.0: Cannot allocate resource for EISA slot 6
[    1.119456] platform eisa.0: Cannot allocate resource for EISA slot 7
[    1.120335] platform eisa.0: Cannot allocate resource for EISA slot 8
[    1.121186] platform eisa.0: EISA: Detected 0 cards
[    1.121892] cpufreq-nforce2: No nForce2 chipset.
[    1.122611] ledtrig-cpu: registered to indicate activity on CPUs
[    1.123603] NET: Registered protocol family 10
[    1.124392] NET: Registered protocol family 17
[    1.125085] Key type dns_resolver registered
[    1.125820] Using IPI No-Shortcut mode
[    1.126488] registered taskstats version 1
[    1.127131] Loading compiled-in X.509 certificates
[    1.129337] Loaded X.509 cert 'Build time autogenerated kernel key: 902eb1617d130f00fdb563a6a7bc897aeb2f16f0'
[    1.130734] zswap: loaded using pool lzo/zbud
[    1.176451] Key type trusted registered
[    1.179517] Key type encrypted registered
[    1.180232] AppArmor: AppArmor sha1 policy hashing enabled
[    1.180992] ima: No TPM chip found, activating TPM-bypass!
[    1.181769] ima: Allocated hash algorithm: sha1
[    1.182430] evm: HMAC attrs: 0x1
[    1.183167]   Magic number: 3:947:432
[    1.183812] rtc_cmos rtc_cmos: setting system clock to 2019-05-16 13:25:59 UTC (1558013159)
[    1.185137] BIOS EDD facility v0.16 2004-Jun-25, 0 devices found
[    1.185948] EDD information not available.
[    1.406431] isapnp: No Plug & Play device found
[    1.407323] Freeing unused kernel memory: 936K
[    1.408095] Write protecting the kernel text: 8104k
[    1.408798] Write protecting the kernel read-only data: 3208k
[    1.409597] NX-protecting the kernel data: 6232k
Loading, please wait...
starting version 229
[    1.422060] random: udevadm: uninitialized urandom read (16 bytes read, 2 bits of entropy available)
[    1.423918] random: systemd-udevd: uninitialized urandom read (16 bytes read, 2 bits of entropy available)
[    1.425423] random: systemd-udevd: uninitialized urandom read (16 bytes read, 2 bits of entropy available)
[    1.426795] random: systemd-udevd: uninitialized urandom read (16 bytes read, 2 bits of entropy available)
[    1.449122] random: udevadm: uninitialized urandom read (16 bytes read, 2 bits of entropy available)
[    1.450619] random: udevadm: uninitialized urandom read (16 bytes read, 2 bits of entropy available)
[    1.452028] random: udevadm: uninitialized urandom read (16 bytes read, 2 bits of entropy available)
[    1.470585] random: udevadm: uninitialized urandom read (16 bytes read, 2 bits of entropy available)
[    1.473439] random: udevadm: uninitialized urandom read (16 bytes read, 2 bits of entropy available)
[    1.474806] random: udevadm: uninitialized urandom read (16 bytes read, 2 bits of entropy available)
[    1.533021] e1000: Intel(R) PRO/1000 Network Driver - version 7.3.21-k8-NAPI
[    1.534088] e1000: Copyright (c) 1999-2006 Intel Corporation.
[    1.541687] Fusion MPT base driver 3.04.20
[    1.542367] Copyright (c) 1999-2008 LSI Corporation
[    1.589929] Fusion MPT SPI Host driver 3.04.20
[    1.763293] input: ImExPS/2 Generic Explorer Mouse as /devices/platform/i8042/serio1/input/input4
[    1.921723] e1000 0000:00:03.0 eth0: (PCI:33MHz:32-bit) 02:45:45:1a:d2:20
[    1.922747] e1000 0000:00:03.0 eth0: Intel(R) PRO/1000 Network Connection
[    1.924135] mptbase: ioc0: Initiating bringup
[    1.986778] ioc0: LSI53C1030 A0: Capabilities={Initiator}
[    2.148921] scsi host2: ioc0: LSI53C1030 A0, FwRev=00000000h, Ports=1, MaxQ=256, IRQ=20
[    2.264741] scsi 2:0:0:0: Direct-Access     VBOX     HARDDISK         1.0  PQ: 0 ANSI: 5
[    2.267614] scsi target2:0:0: Beginning Domain Validation
[    2.270864] scsi target2:0:0: Domain Validation skipping write tests
[    2.272879] scsi target2:0:0: Ending Domain Validation
[    2.275036] scsi target2:0:0: asynchronous
[    2.277001] scsi 2:0:1:0: Direct-Access     VBOX     HARDDISK         1.0  PQ: 0 ANSI: 5
[    2.279893] scsi target2:0:1: Beginning Domain Validation
[    2.283049] scsi target2:0:1: Domain Validation skipping write tests
[    2.285009] scsi target2:0:1: Ending Domain Validation
[    2.286771] scsi target2:0:1: asynchronous
[    2.372233] sd 2:0:0:0: Attached scsi generic sg0 type 0
[    2.373153] sd 2:0:0:0: [sda] 20971520 512-byte logical blocks: (10.7 GB/10.0 GiB)
[    2.374512] sd 2:0:1:0: [sdb] 20480 512-byte logical blocks: (10.5 MB/10.0 MiB)
[    2.375703] sd 2:0:1:0: Attached scsi generic sg1 type 0
[    2.376642] sd 2:0:1:0: [sdb] Write Protect is off
[    2.377366] sd 2:0:0:0: [sda] Write Protect is off
[    2.378127] sd 2:0:1:0: [sdb] Incomplete mode parameter data
[    2.378925] sd 2:0:1:0: [sdb] Assuming drive cache: write through
[    2.379816] sd 2:0:0:0: [sda] Incomplete mode parameter data
[    2.380674] sd 2:0:0:0: [sda] Assuming drive cache: write through
[    2.386930]  sda: sda1
[    2.387809] sd 2:0:0:0: [sda] Attached SCSI disk
[    2.388758] sd 2:0:1:0: [sdb] Attached SCSI disk
[    2.625542] e1000 0000:00:08.0 eth1: (PCI:33MHz:32-bit) 08:00:27:df:0d:0d
[    2.626561] e1000 0000:00:08.0 eth1: Intel(R) PRO/1000 Network Connection
[    2.628178] e1000 0000:00:08.0 enp0s8: renamed from eth1
[    2.630230] e1000 0000:00:03.0 enp0s3: renamed from eth0
Begin: Loading essential drivers ... [    3.945212] md: linear personality registered for level -1
[    3.949534] md: multipath personality registered for level -4
[    3.953896] md: raid0 personality registered for level 0
[    3.958952] md: raid1 personality registered for level 1
[    4.037943] raid6: mmxx1    gen()  8191 MB/s
[    4.117976] raid6: mmxx2    gen()  8268 MB/s
[    4.197976] raid6: sse1x1   gen()  7216 MB/s
[    4.277953] raid6: sse1x2   gen()  8357 MB/s
[    4.357978] raid6: sse2x1   gen() 14903 MB/s
[    4.437961] raid6: sse2x1   xor() 10394 MB/s
[    4.517972] raid6: sse2x2   gen() 17787 MB/s
[    4.597928] raid6: sse2x2   xor() 11450 MB/s
[    4.677950] raid6: avx2x1   gen() 28937 MB/s
[    4.757967] raid6: avx2x2   gen() 32954 MB/s
[    4.758693] raid6: using algorithm avx2x2 gen() 32954 MB/s
[    4.759486] raid6: using avx2x1 recovery algorithm
[    4.763045] xor: automatically using best checksumming function:
[    4.857951]    avx       : 74995.000 MB/sec
[    4.861197] async_tx: api initialized (async)
[    4.877499] md: raid6 personality registered for level 6
[    4.878368] md: raid5 personality registered for level 5
[    4.879159] md: raid4 personality registered for level 4
[    4.886438] md: raid10 personality registered for level 10
done.
Begin: Running /scripts/init-premount ... done.
Begin: Mounting root file system ... Begin: Running /scripts/local-top ... done.
Begin: Running /scripts/local-premount ... [    4.924785] Btrfs loaded
Scanning for Btrfs filesystems
done.
Warning: fsck not present, so skipping root file system
[    4.955851] EXT4-fs (sda1): mounted filesystem with ordered data mode. Opts: (null)
done.
Begin: Running /scripts/local-bottom ... done.
Begin: Running /scripts/init-bottom ... done.
[    5.056432] systemd[1]: systemd 229 running in system mode. (+PAM +AUDIT +SELINUX +IMA +APPARMOR +SMACK +SYSVINIT +UTMP +LIBCRYPTSETUP +GCRYPT +GNUTLS +ACL +XZ -LZ4 +SECCOMP +BLKID +ELFUTILS +KMOD -IDN)
[    5.061735] systemd[1]: Detected virtualization oracle.
[    5.063514] systemd[1]: Detected architecture x86.

Welcome to [1mUbuntu 16.04.6 LTS[0m!

[    5.067985] systemd[1]: Set hostname to <kubernetes>.
[    5.216567] systemd[1]: Listening on /dev/initctl Compatibility Named Pipe.
[[0;32m  OK  [0m] Listening on /dev/initctl Compatibility Named Pipe.
[    5.218487] systemd[1]: Listening on Journal Socket (/dev/log).
[[0;32m  OK  [0m] Listening on Journal Socket (/dev/log).
[    5.220062] systemd[1]: Listening on udev Kernel Socket.
[[0;32m  OK  [0m] Listening on udev Kernel Socket.
[    5.221507] systemd[1]: Started Trigger resolvconf update for networkd DNS.
[[0;32m  OK  [0m] Started Trigger resolvconf update for networkd DNS.
[    5.223282] systemd[1]: Listening on Device-mapper event daemon FIFOs.
[[0;32m  OK  [0m] Listening on Device-mapper event daemon FIFOs.
[    5.224996] systemd[1]: Listening on Journal Audit Socket.
[[0;32m  OK  [0m] Listening on Journal Audit Socket.
[    5.226626] systemd[1]: Set up automount Arbitrary Executable File Formats File System Automount Point.
[[0;32m  OK  [0m] Set up automount Arbitrary Executab...ats File System Automount Point.
[    5.229022] systemd[1]: Listening on udev Control Socket.
[[0;32m  OK  [0m] Listening on udev Control Socket.
[    5.230503] systemd[1]: Reached target System Time Synchronized.
[[0;32m  OK  [0m] Reached target System Time Synchronized.
[    5.232103] systemd[1]: Listening on LVM2 poll daemon socket.
[[0;32m  OK  [0m] Listening on LVM2 poll daemon socket.
[    5.233613] systemd[1]: Listening on LVM2 metadata daemon socket.
[[0;32m  OK  [0m] Listening on LVM2 metadata daemon socket.
[    5.235235] systemd[1]: Listening on Journal Socket.
[[0;32m  OK  [0m] Listening on Journal Socket.
[    5.236636] systemd[1]: Reached target User and Group Name Lookups.
[[0;32m  OK  [0m] Reached target User and Group Name Lookups.
[    5.238269] systemd[1]: Reached target Encrypted Volumes.
[[0;32m  OK  [0m] Reached target Encrypted Volumes.
[    5.239779] systemd[1]: Listening on Syslog Socket.
[[0;32m  OK  [0m] Listening on Syslog Socket.
[    5.241421] systemd[1]: Created slice User and Session Slice.
[[0;32m  OK  [0m] Created slice User and Session Slice.
[    5.243148] systemd[1]: Created slice System Slice.
[[0;32m  OK  [0m] Created slice System Slice.
[    5.245108] systemd[1]: Starting Nameserver information manager...
         Starting Nameserver information manager...
[    5.247199] systemd[1]: Starting Remount Root and Kernel File Systems...
         Starting Remount Root and Kernel File Systems...
[    5.252744] systemd[1]: Starting Load Kernel Modules...
         Starting Load Kernel Modules...
[    5.259254] systemd[1]: Starting Monitoring of LVM2 mirrors, snapshots etc. using dmeventd or progress polling...
         Starting Monitoring of LVM2 mirrors... dmeventd or progress polling...
[    5.264123] systemd[1]: Reached target Slices.
[    5.268071] EXT4-fs (sda1): re-mounted. Opts: (null)
[[0;32m  OK  [0m] Reached target Slices.
[    5.272083] systemd[1]: Starting Create list of required static device nodes for the current kernel...
         Starting Create list of required st... nodes for the current kernel...
[    5.276828] Loading iSCSI transport class v2.0-870.
[    5.279149] systemd[1]: Mounting Huge Pages File System...
         Mounting Huge Pages File System...
[    5.284154] systemd[1]: Starting Set console keymap...
         Starting Set console keymap...
[    5.291469] systemd[1]: Mounting Debug File System...
         Mounting Debug File System...
[    5.296013] systemd[1]: Created slice system-serial\x2dgetty.slice.
[[0;32m  OK  [0m] Created slice system-serial\x2dgetty.slice.
[    5.299466] systemd[1]: Starting Uncomplicated firewall...
         Starting Uncomplicated firewall...
[    5.305377] systemd[1]: Mounting POSIX Message Queue File System...
         Mounting POSIX Message Queue File System...
[    5.309798] systemd[1]: Starting Journal Service...
         Starting Journal Service...
[    5.319434] systemd[1]: Started Forward Password Requests to Wall Directory Watch.
[[0;32m  OK  [0m] Started Forward Password Requests to Wall Directory Watch.
[    5.321569] systemd[1]: Reached target Swap.
[[0;32m  OK  [0m] Reached target Swap.
[    5.325809] systemd[1]: Mounted POSIX Message Queue File System.
[[0;32m  OK  [0m] Mounted POSIX Message Queue File System.
[    5.327502] systemd[1]: Mounted Debug File System.
[[0;32m  OK  [0m] Mounted Debug File System.
[    5.328852] systemd[1]: Mounted Huge Pages File System.
[[0;32m  OK  [0m] Mounted Huge Pages File System.
[    5.335154] systemd[1]: Started Remount Root and Kernel File Systems.
[[0;32m  OK  [0m] Started Remount Root and Kernel File Systems.
[    5.348760] systemd[1]: Started Create list of required static device nodes for the current kernel.
[[0;32m  OK  [0m] Started Create list of required sta...ce nodes for the current kernel.
[    5.351705] systemd[1]: Started Uncomplicated firewall.
[[0;32m  OK  [0m] Started Uncomplicated firewall.
[    5.357083] systemd[1]: Started Nameserver information manager.
[[0;32m  OK  [0m] Started Nameserver information manager.[    5.361274] iscsi: registered transport (tcp)

[    5.438037] systemd[1]: Started Journal Service.
[[0;32m  OK  [0m] Started Journal Service.
[[0;32m  OK  [0m] Started LVM2 metadata daemon.
         Starting Create Static Device Nodes in /dev...
         Starting Flush Journal to Persistent Storage...
         Starting udev Coldplug all Devices...
         Starting Load/Save Random Seed...
[    5.538020] random: nonblocking pool is initialized
[[0;32m  OK  [0m] Started Load/Save Random Seed.
[[0;32m  OK  [0m] Started Create Static Device Nodes in /dev.
[    5.580377] iscsi: registered transport (iser)
[    5.582456] systemd-journald[411]: Received request to flush runtime journal from PID 1
         Starting udev Kernel Device Manager...
[[0;32m  OK  [0m] Started Load Kernel Modules.
[[0;32m  OK  [0m] Started Flush Journal to Persistent Storage.
[[0;32m  OK  [0m] Started Set console keymap.
         Mounting FUSE Control File System...
         Starting Apply Kernel Variables...
[[0;32m  OK  [0m] Mounted FUSE Control File System.
[[0;32m  OK  [0m] Started udev Kernel Device Manager.
[[0;32m  OK  [0m] Started Apply Kernel Variables.
[[0;32m  OK  [0m] Started udev Coldplug all Devices.
[[0;32m  OK  [0m] Started Dispatch Password Requests to Console Directory Watch.
[[0;32m  OK  [0m] Started Monitoring of LVM2 mirrors,...ng dmeventd or progress polling.
[[0;32m  OK  [0m] Reached target Local File Systems (Pre).
[[0;32m  OK  [0m] Reached target Local File Systems.
         Starting Create Volatile Files and Directories...
         Starting Set console font and keymap...
         Starting LSB: AppArmor initialization...
         Starting Tell Plymouth To Write Out Runtime Data...
         Starting Initial cloud-init job (pre-networking)...
[[0;32m  OK  [0m] Started Tell Plymouth To Write Out Runtime Data.
[[0;32m  OK  [0m] Started Create Volatile Files and Directories.
         Starting Update UTMP about System Boot/Shutdown...
[[0;32m  OK  [0m] Started Update UTMP about System Boot/Shutdown.
[[0;32m  OK  [0m] Found device /dev/ttyS0.
[[0;32m  OK  [0m] Started LSB: AppArmor initialization.
[[0;32m  OK  [0m] Listening on Load/Save RF Kill Switch Status /dev/rfkill Watch.
[[0;32m  OK  [0m] Found device 82540EM Gigabit Ethern...r (PRO/1000 MT Desktop Adapter).
[[0;32m  OK  [0m] Found device 82540EM Gigabit Ethern...r (PRO/1000 MT Desktop Adapter).
[[0;32m  OK  [0m] Started Set console font and keymap.
[[0;32m  OK  [0m] Created slice system-getty.slice.
[    7.147183] cloud-init[513]: Cloud-init v. 18.5-45-g3554ffe8-0ubuntu1~16.04.1 running 'init-local' at Thu, 16 May 2019 13:26:05 +0000. Up 6.66 seconds.
[[0;32m  OK  [0m] Started Initial cloud-init job (pre-networking).
[[0;32m  OK  [0m] Reached target Network (Pre).
[[0;32m  OK  [0m] Started ifup for enp0s3.
         Starting Raise network interfaces...
[[0;32m  OK  [0m] Started ifup for enp0s8.
[[0;32m  OK  [0m] Started Raise network interfaces.
         Starting Initial cloud-init job (metadata service crawler)...
[[0;32m  OK  [0m] Reached target Network.
[   11.922664] cloud-init[1088]: Cloud-init v. 18.5-45-g3554ffe8-0ubuntu1~16.04.1 running 'init' at Thu, 16 May 2019 13:26:10 +0000. Up 11.56 seconds.
[   11.924134] cloud-init[1088]: ci-info: ++++++++++++++++++++++++++++++++++++++Net device info++++++++++++++++++++++++++++++++++++++
[   11.925494] cloud-init[1088]: ci-info: +--------+------+----------------------------+---------------+--------+-------------------+
[   11.928259] cloud-init[1088]: ci-info: | Device |  Up  |          Address           |      Mask     | Scope  |     Hw-Address    |
[   11.932361] cloud-init[1088]: ci-info: +--------+------+----------------------------+---------------+--------+-------------------+
[   11.933380] cloud-init[1088]: ci-info: | enp0s3 | True |         10.0.2.15          | 255.255.255.0 | global | 02:45:45:1a:d2:20 |
[   11.934545] cloud-init[1088]: ci-info: | enp0s3 | True | fe80::45:45ff:fe1a:d220/64 |       .       |  link  | 02:45:45:1a:d2:20 |
[   11.936277] cloud-init[1088]: ci-info: | enp0s8 | True |      192.168.100.113       | 255.255.255.0 | global | 08:00:27:df:0d:0d |
[   11.940267] cloud-init[1088]: ci-info: | enp0s8 | True | fe80::a00:27ff:fedf:d0d/64 |       .       |  link  | 08:00:27:df:0d:0d |
[   11.941518] cloud-init[1088]: ci-info: |   lo   | True |         127.0.0.1          |   255.0.0.0   |  host  |         .         |
[   11.942773] cloud-init[1088]: ci-info: |   lo   | True |          ::1/128           |       .       |  host  |         .         |
[   11.944533] cloud-init[1088]: ci-info: +--------+------+----------------------------+---------------+--------+-------------------+
[   11.948342] cloud-init[1088]: ci-info: ++++++++++++++++++++++++++++Route IPv4 info+++++++++++++++++++++++++++++
[   11.949362] cloud-init[1088]: ci-info: +-------+---------------+----------+---------------+-----------+-------+
[   11.950447] cloud-init[1088]: ci-info: | Route |  Destination  | Gateway  |    Genmask    | Interface | Flags |
[   11.960576] cloud-init[1088]: ci-info: +-------+---------------+----------+---------------+-----------+-------+
[   11.961742] cloud-init[1088]: ci-info: |   0   |    0.0.0.0    | 10.0.2.2 |    0.0.0.0    |   enp0s3  |   UG  |
[   11.962903] cloud-init[1088]: ci-info: |   1   |    10.0.2.0   | 0.0.0.0  | 255.255.255.0 |   enp0s3  |   U   |
[   11.964093] cloud-init[1088]: ci-info: |   2   | 192.168.100.0 | 0.0.0.0  | 255.255.255.0 |   enp0s8  |   U   |
[   11.965243] cloud-init[1088]: ci-info: +-------+---------------+----------+---------------+-----------+-------+
[   11.966400] cloud-init[1088]: ci-info: +++++++++++++++++++Route IPv6 info+++++++++++++++++++
[   11.967445] cloud-init[1088]: ci-info: +-------+-------------+---------+-----------+-------+
[   11.972676] cloud-init[1088]: ci-info: | Route | Destination | Gateway | Interface | Flags |
[   11.974256] cloud-init[1088]: ci-info: +-------+-------------+---------+-----------+-------+
[   11.975326] cloud-init[1088]: ci-info: |   0   |  fe80::/64  |    ::   |   enp0s8  |   U   |
[   11.976402] cloud-init[1088]: ci-info: |   1   |  fe80::/64  |    ::   |   enp0s3  |   U   |
[   11.980450] cloud-init[1088]: ci-info: |   6   |   ff00::/8  |    ::   |   enp0s8  |   U   |
[   11.981504] cloud-init[1088]: ci-info: |   7   |   ff00::/8  |    ::   |   enp0s3  |   U   |
[   11.982547] cloud-init[1088]: ci-info: +-------+-------------+---------+-----------+-------+
[[0;32m  OK  [0m] Started Initial cloud-init job (metadata service crawler).
[[0;32m  OK  [0m] Reached target Network is Online.
         Starting iSCSI initiator daemon (iscsid)...
[[0;32m  OK  [0m] Reached target System Initialization.
[[0;32m  OK  [0m] Listening on UUID daemon activation socket.
[[0;32m  OK  [0m] Started Daily apt download activities.
         Starting Socket activation for snappy daemon.
         Starting LXD - unix socket.
[[0;32m  OK  [0m] Listening on D-Bus System Message Bus Socket.
[[0;32m  OK  [0m] Listening on ACPID Listen Socket.
[[0;32m  OK  [0m] Started Daily Cleanup of Temporary Directories.
[[0;32m  OK  [0m] Started Daily apt upgrade and clean activities.
[[0;32m  OK  [0m] Reached target Timers.
[[0;32m  OK  [0m] Started ACPI Events Check.
[[0;32m  OK  [0m] Reached target Paths.
[[0;32m  OK  [0m] Reached target Cloud-config availability.
[[0;32m  OK  [0m] Listening on Socket activation for snappy daemon.
[[0;32m  OK  [0m] Listening on LXD - unix socket.
[[0;32m  OK  [0m] Started iSCSI initiator daemon (iscsid).
         Starting Login to default iSCSI targets...
[[0;32m  OK  [0m] Reached target Sockets.
[[0;32m  OK  [0m] Reached target Basic System.
[[0;32m  OK  [0m] Started Regular background program processing daemon.
         Starting Login Service...
         Starting LSB: Record successful boot for GRUB...
[[0;32m  OK  [0m] Started FUSE filesystem for LXC.
         Starting Accounts Service...
         Starting LSB: MD monitoring daemon...
[[0;32m  OK  [0m] Started Unattended Upgrades Shutdown.
[[0;32m  OK  [0m] Started D-Bus System Message Bus.
         Starting Virtualbox guest utils...
         Starting System Logging Service...
         Starting Snappy daemon...
[[0;32m  OK  [0m] Started Deferred execution scheduler.
         Starting /etc/rc.local Compatibility...
[[0;32m  OK  [0m] Started ACPI event daemon.
         Starting LXD - container startup/shutdown...
         Starting OpenBSD Secure Shell server...
[[0;32m  OK  [0m] Started /etc/rc.local Compatibility.
[[0;32m  OK  [0m] Started System Logging Service.
[[0;32m  OK  [0m] Started Login to default iSCSI targets.
[[0;32m  OK  [0m] Started OpenBSD Secure Shell server.
[[0;32m  OK  [0m] Started LSB: Record successful boot for GRUB.
[[0;32m  OK  [0m] Started LXD - container startup/shutdown.
[[0;32m  OK  [0m] Started LSB: MD monitoring daemon.
[[0;32m  OK  [0m] Started Snappy daemon.
[[0;32m  OK  [0m] Started Login Service.
         Starting Authenticate and Authorize Users to Run Privileged Tasks...
         Starting Wait until snapd is fully seeded...
[[0;32m  OK  [0m] Reached target Remote File Systems (Pre).
[[0;32m  OK  [0m] Reached target Remote File Systems.
         Starting Permit User Sessions...
         Starting LSB: Set the CPU Frequency Scaling governor to "ondemand"...
         Starting LSB: automatic crash report generation...
         Starting LSB: daemon to balance interrupts for SMP systems...
[[0;32m  OK  [0m] Started Permit User Sessions.
[[0;32m  OK  [0m] Started Authenticate and Authorize Users to Run Privileged Tasks.
[[0;32m  OK  [0m] Started Accounts Service.
[[0;32m  OK  [0m] Started Wait until snapd is fully seeded.
         Starting Apply the settings specified in cloud-config...
         Starting Hold until boot process finishes up...
         Starting Terminate Plymouth Boot Screen...
[[0;32m  OK  [0m] Started Hold until boot process finishes up.
[[0;32m  OK  [0m] Started Terminate Plymouth Boot Screen.
[[0;32m  OK  [0m] Started Virtualbox guest utils.
[[0;32m  OK  [0m] Started LSB: Set the CPU Frequency Scaling governor to "ondemand".
[[0;32m  OK  [0m] Started Serial Getty on ttyS0.
         Starting Set console scheme...
[[0;32m  OK  [0m] Started Getty on tty1.
[[0;32m  OK  [0m] Reached target Login Prompts.
[[0;32m  OK  [0m] Started Set console scheme.
[[0;32m  OK  [0m] Started LSB: daemon to balance interrupts for SMP systems.
[[0;32m  OK  [0m] Started LSB: automatic crash report generation.
[[0;32m  OK  [0m] Reached target Multi-User System.
[[0;32m  OK  [0m] Reached target Graphical Interface.
         Starting Update UTMP about System Runlevel Changes...
[[0;32m  OK  [0m] Started Update UTMP about System Runlevel Changes.
[[0;32m  OK  [0m] Created slice User Slice of vagrant.
         Starting User Manager for UID 1000...
[[0;32m  OK  [0m] Started Session 1 of user vagrant.
[[0;32m  OK  [0m] Started User Manager for UID 1000.
[   13.546072] cloud-init[1306]: Cloud-init v. 18.5-45-g3554ffe8-0ubuntu1~16.04.1 running 'modules:config' at Thu, 16 May 2019 13:26:12 +0000. Up 13.40 seconds.
[[0;32m  OK  [0m] Started Apply the settings specified in cloud-config.
         Starting Execute cloud user/final scripts...
[   14.163028] cloud-init[1431]: Cloud-init v. 18.5-45-g3554ffe8-0ubuntu1~16.04.1 running 'modules:final' at Thu, 16 May 2019 13:26:12 +0000. Up 14.01 seconds.
[   14.164740] cloud-init[1431]: Cloud-init v. 18.5-45-g3554ffe8-0ubuntu         Stopping Session 2 of user vagrant.
         Stopping Authenticate and Authorize Users to Run Privileged Tasks...
[[0;32m  OK  [0m] Stopped target Timers.
[[0;32m  OK  [0m] Stopped Daily apt upgrade and clean activities.
[[0;32m  OK  [0m] Stopped Daily apt download activities.
[[0;32m  OK         Stopping User Manager for UID 1000...
         Stopping ACPI event daemon...
[[0;32m  OK  [0m] Stopped target Graphical Interface.
         Stopping Accounts Service...
         Stopping Session 2 of user vagrant.
[[0;32m  OK  [0m] Stopped target Cloud-init target.
[[0;32m  OK  [0m] Stopped target Timers.
[[0;32m  OK  [0m] Stopped Execute cloud user/final scripts.
[[0;32m  OK  [0m] Stopped Apply the settings specified in cloud-config.
[[0;32m  OK  [0m] Stopped target Cloud-config availability.
[[0;32m  OK  [0m] Stopped target Multi-User System.
[[0;32m  OK  [0m] Stopped target Login Prompts.
         Stopping Getty on tty1...
         Stopping LSB: daemon to balance interrupts for SMP systems...
         Stopping FUSE filesystem for LXC...
         Stopping LSB: Set the CPU Frequency Scaling governor to "ondemand"...
         Stopping LSB: MD monitoring daemon...
         Stopping LXD - container startup/shutdown...
         Stopping Regular background program processing daemon...
         Stopping LSB: automatic crash report generation...
         Stopping System Logging Service...
         Stopping Unattended Upgrades Shutdown...
         Stopping Virtualbox guest utils...
         Stopping LSB: Record successful boot for GRUB...
         Stopping Deferred execution scheduler...
         Stopping D-Bus System Message Bus...
         Stopping Serial Getty on ttyS0...
[[0;32m  OK  [0m] Stopped Wait until snapd is fully seeded.
         Stopping Authenticate and Authorize Users to Run Privileged Tasks...
[[0;32m  OK  [0m] Stopped Daily Cleanup of Temporary Directories.
[[0;32m  OK  [0m] Stopped Daily apt upgrade and clean activities.
[[0;32m  OK  [0m] Stopped Daily apt download activities.
[[0;32m  OK  [0m] Stopped target System Time Synchronized.
[[0;32m  OK  [0m] Closed Load/Save RF Kill Switch Status /dev/rfkill Watch.
         Stopping OpenBSD Secure Shell server...
[[0;32m  OK  [0m] Unmounted /var/lib/lxcfs.
[[0;32m  OK  [0m] Stopped Regular background program processing daemon.
[[0;32m  OK  [0m] Stopped Accounts Service.
[[0;32m  OK  [0m] Stopped System Logging Service.
[[0;32m  OK  [0m] Stopped Deferred execution scheduler.
[[0;32m  OK  [0m] Stopped ACPI event daemon.
[[0;32m  OK  [0m] Stopped OpenBSD Secure Shell server.
[[0;32m  OK  [0m] Stopped Authenticate and Authorize Users to Run Privileged Tasks.
[[0;32m  OK  [0m] Stopped Serial Getty on ttyS0.
[[0;32m  OK  [0m] Stopped Getty on tty1.
[[0;32m  OK  [0m] Stopped User Manager for UID 1000.
[[0;32m  OK  [0m] Stopped Session 2 of user vagrant.
[[0;32m  OK  [0m] Stopped D-Bus System Message Bus.
[[0;32m  OK  [0m] Stopped FUSE filesystem for LXC.
[[0;32m  OK  [0m] Stopped LSB: daemon to balance interrupts for SMP systems.
[[0;32m  OK  [0m] Stopped LXD - container startup/shutdown.
[[0;32m  OK  [0m] Stopped Unattended Upgrades Shutdown.
[[0;32m  OK  [0m] Stopped Virtualbox guest utils.
[[0;32m  OK  [0m] Stopped LSB: MD monitoring daemon.
[[0;32m  OK  [0m] Stopped LSB: automatic crash report generation.
[[0;32m  OK  [0m] Stopped LSB: Record successful boot for GRUB.
[[0;32m  OK  [0m] Stopped LSB: Set the CPU Frequency Scaling governor to "ondemand".
[[0;32m  OK  [0m] Removed slice User Slice of vagrant.
         Stopping Login Service...
[[0;32m  OK  [0m] Removed slice system-getty.slice.
[[0;32m  OK  [0m] Stopped /etc/rc.local Compatibility.
         Stopping Permit User Sessions...
[[0;32m  OK  [0m] Removed slice system-serial\x2dgetty.slice.
[[0;32m  OK  [0m] Stopped Login Service.
[[0;32m  OK  [0m] Stopped Permit User Sessions.
[[0;32m  OK  [0m] Stopped target Remote File Systems.
[[0;32m  OK  [0m] Stopped target Remote File Systems (Pre).
         Stopping Login to default iSCSI targets...
[[0;32m  OK  [0m] Stopped target User and Group Name Lookups.
[[0;32m  OK  [0m] Stopped target Basic System.
[[0;32m  OK  [0m] Stopped target Slices.
[[0;32m  OK  [0m] Removed slice User and Session Slice.
[[0;32m  OK  [0m] Stopped target Paths.
[[0;32m  OK  [0m] Stopped ACPI Events Check.
[[0;32m  OK  [0m] Stopped Dispatch Password Requests to Console Directory Watch.
[[0;32m  OK  [0m] Stopped Forward Password Requests to Wall Directory Watch.
[[0;32m  OK  [0m] Stopped target Sockets.
[[0;32m  OK  [0m] Closed LXD - unix socket.
[[0;32m  OK  [0m] Closed D-Bus System Message Bus Socket.
[[0;32m  OK  [0m] Closed Syslog Socket.
[[0;32m  OK  [0m] Closed Socket activation for snappy daemon.
[[0;32m  OK  [0m] Closed ACPID Listen Socket.
[[0;32m  OK  [0m] Closed UUID daemon activation socket.
[[0;32m  OK  [0m] Stopped target System Initialization.
[[0;32m  OK  [0m] Stopped target Encrypted Volumes.
[[0;32m  OK  [0m] Stopped Create Volatile Files and Directories.
         Stopping Load/Save Random Seed...
[[0;32m  OK  [0m] Stopped target Swap.
[[0;32m  OK  [0m] Stopped Load/Save Random Seed.
[[0;32m  OK  [0m] Stopped Login to default iSCSI targets.
         Stopping iSCSI initiator daemon (iscsid)...
[[0;32m  OK  [0m] Stopped iSCSI initiator daemon (iscsid).
[[0;32m  OK  [0m] Stopped target Network is Online.
[[0;32m  OK  [0m] Stopped Initial cloud-init job (metadata service crawler).
[[0;32m  OK  [0m] Stopped target Network.
         Stopping Raise network interfaces...
[[0;32m  OK  [0m] Stopped Raise network interfaces.
[[0;32m  OK  [0m] Stopped Apply Kernel Variables.
[[0;32m  OK  [0m] Stopped target Network (Pre).
[[0;32m  OK  [0m] Stopped Initial cloud-init job (pre-networking).
[[0;32m  OK  [0m] Stopped Load Kernel Modules.
[[0;32m  OK  [0m] Stopped target Local File Systems.
         Unmounting /run/user/1000...
         Unmounting /vagrant...
[[0;32m  OK  [0m] Unmounted /run/user/1000.
[[0;32m  OK  [0m] Unmounted /vagrant.
[[0;32m  OK  [0m] Reached target Unmount All Filesystems.
[[0;32m  OK  [0m] Stopped target Local File Systems (Pre).
[[0;32m  OK  [0m] Stopped Remount Root and Kernel File Systems.
         Stopping Monitoring of LVM2 mirrors... dmeventd or progress polling...
[[0;32m  OK  [0m] Stopped Create Static Device Nodes in /dev.
[[0;32m  OK  [0m] Reached target Shutdown.
[  281.329151] reboot: Power down
